IQ-TREE 2.0.3 built Dec 20 2020

Input file name: ./5-align-0.6/Phylo-WOLB/WOLB.nucl.grp.aln
Type of analysis: tree reconstruction + ultrafast bootstrap (1000 replicates)
Random seed number: 934084

REFERENCES
----------

To cite IQ-TREE please use:

Bui Quang Minh, Heiko A. Schmidt, Olga Chernomor, Dominik Schrempf,
Michael D. Woodhams, Arndt von Haeseler, and Robert Lanfear (2020)
IQ-TREE 2: New models and efficient methods for phylogenetic inference
in the genomic era. Mol. Biol. Evol., in press.
https://doi.org/10.1093/molbev/msaa015

Since you used ultrafast bootstrap (UFBoot) please also cite: 

Diep Thi Hoang, Olga Chernomor, Arndt von Haeseler, Bui Quang Minh,
and Le Sy Vinh (2018) UFBoot2: Improving the ultrafast bootstrap
approximation. Mol. Biol. Evol., 35:518–522.
https://doi.org/10.1093/molbev/msx281

SEQUENCE ALIGNMENT
------------------

Input data: 159 sequences with 201726 nucleotide sites
Number of constant sites: 94017 (= 46.6063% of all sites)
Number of invariant (constant or ambiguous constant) sites: 94017 (= 46.6063% of all sites)
Number of parsimony informative sites: 76336
Number of distinct site patterns: 58819

SUBSTITUTION PROCESS
--------------------

Model of substitution: GTR+F

Rate parameter R:

  A-C: 1.7448
  A-G: 8.2186
  A-T: 0.8250
  C-G: 0.8809
  C-T: 10.7466
  G-T: 1.0000

State frequencies: (empirical counts from alignment)

  pi(A) = 0.3446
  pi(C) = 0.1485
  pi(G) = 0.2111
  pi(T) = 0.2958

Rate matrix Q:

  A   -0.8393   0.09717    0.6506   0.09152
  C    0.2254    -1.487   0.06973     1.192
  G     1.062   0.04906    -1.222    0.1109
  T    0.1066    0.5985   0.07916   -0.7842

Model of rate heterogeneity: Uniform

MAXIMUM LIKELIHOOD TREE
-----------------------

Log-likelihood of the tree: -2007122.5798 (s.e. 5099.3170)
Unconstrained log-likelihood (without tree): -1381994.7112
Number of free parameters (#branches + #model parameters): 287
Akaike information criterion (AIC) score: 4014819.1596
Corrected Akaike information criterion (AICc) score: 4014819.9803
Bayesian information criterion (BIC) score: 4017750.7686

Total tree length (sum of branch lengths): 2.0640
Sum of internal branch lengths: 0.8087 (39.1806% of tree length)

WARNING: 16 near-zero internal branches (<0.0000) should be treated with caution
         Such branches are denoted by '**' in the figure below

NOTE: Tree is UNROOTED although outgroup taxon 'WOLB.0323.00001' is drawn at root
Numbers in parentheses are  ultrafast bootstrap support (%)

+**WOLB.0323.00001
|
|                                      +--WOLB.0323.00002
|                                   +**| (90)
|                                   |  |  +--WOLB.0323.00014
|                                   |  +**| (83)
|                                   |     +--WOLB.0323.00128
|                                +--| (99)
|                                |  +--WOLB.0323.00070
|                             +--| (100)
|                             |  +--WOLB.0323.00043
|                          +--| (100)
|                          |  +--WOLB.0323.00010
|                       +--| (100)
|                       |  +--WOLB.0323.00018
|                    +--| (100)
|                    |  +--WOLB.0323.00042
|                 +--| (100)
|                 |  |  +--WOLB.0323.00023
|                 |  +--| (100)
|                 |     |     +--WOLB.0323.00024
|                 |     |  +--| (96)
|                 |     |  |  +--WOLB.0323.00132
|                 |     +--| (100)
|                 |        |  +--WOLB.0323.00030
|                 |        +--| (100)
|                 |           +--WOLB.0323.00064
|              +--| (100)
|              |  |        +--WOLB.0323.00006
|              |  |     +--| (100)
|              |  |     |  |  +**WOLB.0323.00031
|              |  |     |  +--| (100)
|              |  |     |     +**WOLB.0323.00106
|              |  |  +--| (100)
|              |  |  |  +--WOLB.0323.00025
|              |  +--| (100)
|              |     |        +**WOLB.0323.00019
|              |     |     +--| (100)
|              |     |     |  +--WOLB.0323.00119
|              |     |  +--| (100)
|              |     |  |  +--WOLB.0323.00039
|              |     +--| (100)
|              |        +--WOLB.0323.00133
|           +--| (100)
|           |  |  +--WOLB.0323.00008
|           |  +--| (100)
|           |     +--WOLB.0323.00093
|        +--| (100)
|        |  |                    +**WOLB.0323.00004
|        |  |                 +**| (92)
|        |  |                 |  +--WOLB.0323.00142
|        |  |              +--| (100)
|        |  |              |  +--WOLB.0323.00158
|        |  |           +--| (98)
|        |  |           |  +**WOLB.0323.00017
|        |  |        +--| (100)
|        |  |        |  |     +--WOLB.0323.00011
|        |  |        |  |  +--| (100)
|        |  |        |  |  |  +--WOLB.0323.00121
|        |  |        |  +--| (99)
|        |  |        |     +**WOLB.0323.00149
|        |  |     +--| (62)
|        |  |     |  |        +--WOLB.0323.00007
|        |  |     |  |     +--| (100)
|        |  |     |  |     |  |  +--WOLB.0323.00056
|        |  |     |  |     |  +**| (99)
|        |  |     |  |     |     +--WOLB.0323.00060
|        |  |     |  |  +--| (63)
|        |  |     |  |  |  |              +--WOLB.0323.00012
|        |  |     |  |  |  |           +**| (46)
|        |  |     |  |  |  |           |  +--WOLB.0323.00088
|        |  |     |  |  |  |        +**| (51)
|        |  |     |  |  |  |        |  |  +--WOLB.0323.00035
|        |  |     |  |  |  |        |  +**| (48)
|        |  |     |  |  |  |        |     +--WOLB.0323.00104
|        |  |     |  |  |  |     +**| (61)
|        |  |     |  |  |  |     |  +**WOLB.0323.00020
|        |  |     |  |  |  |  +--| (100)
|        |  |     |  |  |  |  |  +--WOLB.0323.00100
|        |  |     |  |  |  +--| (58)
|        |  |     |  |  |     +--WOLB.0323.00135
|        |  |     |  +--| (63)
|        |  |     |     |     +--WOLB.0323.00090
|        |  |     |     |  +--| (100)
|        |  |     |     |  |  +--WOLB.0323.00153
|        |  |     |     +--| (100)
|        |  |     |        +--WOLB.0323.00122
|        |  |  +--| (100)
|        |  |  |  |           +--WOLB.0323.00021
|        |  |  |  |        +--| (99)
|        |  |  |  |        |  +--WOLB.0323.00068
|        |  |  |  |     +--| (98)
|        |  |  |  |     |  +--WOLB.0323.00138
|        |  |  |  |  +**| (50)
|        |  |  |  |  |  +--WOLB.0323.00084
|        |  |  |  +--| (100)
|        |  |  |     +--WOLB.0323.00032
|        |  +--| (100)
|        |     +--WOLB.0323.00118
|     +--| (100)
|     |  |                             +--WOLB.0323.00003
|     |  |                          +--| (100)
|     |  |                          |  +--WOLB.0323.00048
|     |  |                       +--| (100)
|     |  |                       |  +--WOLB.0323.00151
|     |  |                    +--| (100)
|     |  |                    |  |                    +--WOLB.0323.00013
|     |  |                    |  |                 +--| (90)
|     |  |                    |  |                 |  +--WOLB.0323.00077
|     |  |                    |  |              +**| (91)
|     |  |                    |  |              |  +--WOLB.0323.00110
|     |  |                    |  |           +--| (100)
|     |  |                    |  |           |  +--WOLB.0323.00136
|     |  |                    |  |        +--| (100)
|     |  |                    |  |        |  +--WOLB.0323.00080
|     |  |                    |  |     +--| (100)
|     |  |                    |  |     |  +--WOLB.0323.00147
|     |  |                    |  |  +--| (100)
|     |  |                    |  |  |  +--WOLB.0323.00034
|     |  |                    |  +--| (100)
|     |  |                    |     +--WOLB.0323.00159
|     |  |                 +--| (90)
|     |  |                 |  |                                +--WOLB.0323.00005
|     |  |                 |  |                             +--| (100)
|     |  |                 |  |                             |  |  +--WOLB.0323.00076
|     |  |                 |  |                             |  +--| (100)
|     |  |                 |  |                             |     +--WOLB.0323.00087
|     |  |                 |  |                          +--| (100)
|     |  |                 |  |                          |  |     +--WOLB.0323.00055
|     |  |                 |  |                          |  |  +--| (100)
|     |  |                 |  |                          |  |  |  +--WOLB.0323.00082
|     |  |                 |  |                          |  +--| (100)
|     |  |                 |  |                          |     |  +--WOLB.0323.00097
|     |  |                 |  |                          |     +--| (98)
|     |  |                 |  |                          |        +--WOLB.0323.00127
|     |  |                 |  |                       +--| (100)
|     |  |                 |  |                       |  |                 +**WOLB.0323.00009
|     |  |                 |  |                       |  |              +--| (100)
|     |  |                 |  |                       |  |              |  +**WOLB.0323.00036
|     |  |                 |  |                       |  |           +--| (100)
|     |  |                 |  |                       |  |           |  +**WOLB.0323.00109
|     |  |                 |  |                       |  |        +--| (100)
|     |  |                 |  |                       |  |        |  |  +**WOLB.0323.00061
|     |  |                 |  |                       |  |        |  +--| (100)
|     |  |                 |  |                       |  |        |     +**WOLB.0323.00062
|     |  |                 |  |                       |  |     +--| (100)
|     |  |                 |  |                       |  |     |  |     +--WOLB.0323.00046
|     |  |                 |  |                       |  |     |  |  +--| (100)
|     |  |                 |  |                       |  |     |  |  |  +**WOLB.0323.00102
|     |  |                 |  |                       |  |     |  +--| (100)
|     |  |                 |  |                       |  |     |     +--WOLB.0323.00139
|     |  |                 |  |                       |  |  +--| (100)
|     |  |                 |  |                       |  |  |  |           +--WOLB.0323.00040
|     |  |                 |  |                       |  |  |  |        +--| (100)
|     |  |                 |  |                       |  |  |  |        |  +--WOLB.0323.00063
|     |  |                 |  |                       |  |  |  |     +--| (100)
|     |  |                 |  |                       |  |  |  |     |  +--WOLB.0323.00098
|     |  |                 |  |                       |  |  |  |  +**| (56)
|     |  |                 |  |                       |  |  |  |  |  |  +--WOLB.0323.00052
|     |  |                 |  |                       |  |  |  |  |  +--| (99)
|     |  |                 |  |                       |  |  |  |  |     +--WOLB.0323.00099
|     |  |                 |  |                       |  |  |  +**| (52)
|     |  |                 |  |                       |  |  |     +--WOLB.0323.00066
|     |  |                 |  |                       |  +--| (88)
|     |  |                 |  |                       |     |  +--WOLB.0323.00029
|     |  |                 |  |                       |     +--| (100)
|     |  |                 |  |                       |        +--WOLB.0323.00054
|     |  |                 |  |                    +--| (100)
|     |  |                 |  |                    |  |              +--WOLB.0323.00015
|     |  |                 |  |                    |  |           +--| (100)
|     |  |                 |  |                    |  |           |  |  +--WOLB.0323.00112
|     |  |                 |  |                    |  |           |  +--| (100)
|     |  |                 |  |                    |  |           |     +--WOLB.0323.00125
|     |  |                 |  |                    |  |        +--| (100)
|     |  |                 |  |                    |  |        |  +--WOLB.0323.00092
|     |  |                 |  |                    |  |     +--| (82)
|     |  |                 |  |                    |  |     |  +--WOLB.0323.00101
|     |  |                 |  |                    |  |  +--| (100)
|     |  |                 |  |                    |  |  |  |  +--WOLB.0323.00027
|     |  |                 |  |                    |  |  |  +--| (100)
|     |  |                 |  |                    |  |  |     +--WOLB.0323.00045
|     |  |                 |  |                    |  +--| (94)
|     |  |                 |  |                    |     +--WOLB.0323.00144
|     |  |                 |  |                 +--| (98)
|     |  |                 |  |                 |  |           +--WOLB.0323.00016
|     |  |                 |  |                 |  |        +--| (99)
|     |  |                 |  |                 |  |        |  +--WOLB.0323.00047
|     |  |                 |  |                 |  |     +--| (100)
|     |  |                 |  |                 |  |     |  +--WOLB.0323.00075
|     |  |                 |  |                 |  |  +--| (100)
|     |  |                 |  |                 |  |  |  |        +--WOLB.0323.00044
|     |  |                 |  |                 |  |  |  |     +--| (97)
|     |  |                 |  |                 |  |  |  |     |  +--WOLB.0323.00078
|     |  |                 |  |                 |  |  |  |  +**| (67)
|     |  |                 |  |                 |  |  |  |  |  +--WOLB.0323.00049
|     |  |                 |  |                 |  |  |  +**| (83)
|     |  |                 |  |                 |  |  |     +--WOLB.0323.00111
|     |  |                 |  |                 |  +--| (100)
|     |  |                 |  |                 |     |     +--WOLB.0323.00026
|     |  |                 |  |                 |     |  +--| (100)
|     |  |                 |  |                 |     |  |  +**WOLB.0323.00028
|     |  |                 |  |                 |     +--| (100)
|     |  |                 |  |                 |        +--WOLB.0323.00116
|     |  |                 |  |              +--| (100)
|     |  |                 |  |              |  |  +--WOLB.0323.00033
|     |  |                 |  |              |  +--| (100)
|     |  |                 |  |              |     +--WOLB.0323.00053
|     |  |                 |  |           +--| (100)
|     |  |                 |  |           |  |        +--WOLB.0323.00057
|     |  |                 |  |           |  |     +--| (100)
|     |  |                 |  |           |  |     |  +--WOLB.0323.00094
|     |  |                 |  |           |  |  +--| (100)
|     |  |                 |  |           |  |  |  |  +--WOLB.0323.00067
|     |  |                 |  |           |  |  |  +--| (100)
|     |  |                 |  |           |  |  |     |  +--WOLB.0323.00079
|     |  |                 |  |           |  |  |     +--| (100)
|     |  |                 |  |           |  |  |        +--WOLB.0323.00095
|     |  |                 |  |           |  +--| (91)
|     |  |                 |  |           |     |  +--WOLB.0323.00117
|     |  |                 |  |           |     +--| (100)
|     |  |                 |  |           |        |  +--WOLB.0323.00131
|     |  |                 |  |           |        +--| (100)
|     |  |                 |  |           |           +--WOLB.0323.00137
|     |  |                 |  |        +--| (100)
|     |  |                 |  |        |  +--WOLB.0323.00091
|     |  |                 |  |     +--| (100)
|     |  |                 |  |     |  |  +--WOLB.0323.00069
|     |  |                 |  |     |  +--| (100)
|     |  |                 |  |     |     +--WOLB.0323.00130
|     |  |                 |  |  +--| (100)
|     |  |                 |  |  |  +--WOLB.0323.00089
|     |  |                 |  +--| (100)
|     |  |                 |     +--WOLB.0323.00148
|     |  |              +--| (100)
|     |  |              |  |  +--WOLB.0323.00050
|     |  |              |  +--| (100)
|     |  |              |     +--WOLB.0323.00155
|     |  |          +---| (100)
|     |  |          |   +--WOLB.0323.00146
|     |  |  +-------| (100)
|     |  |  |       |                 +------------WOLB.0323.00022
|     |  |  |       |              +--| (100)
|     |  |  |       |              |  +-----------WOLB.0323.00126
|     |  |  |       |        +-----| (100)
|     |  |  |       |        |     |        +--WOLB.0323.00124
|     |  |  |       |        |     |  +-----| (100)
|     |  |  |       |        |     |  |     +--WOLB.0323.00152
|     |  |  |       |        |     +--| (100)
|     |  |  |       |        |        +-------WOLB.0323.00156
|     |  |  |       |     +--| (100)
|     |  |  |       |     |  |  +-------WOLB.0323.00141
|     |  |  |       |     |  +--| (100)
|     |  |  |       |     |     +------WOLB.0323.00157
|     |  |  |       |  +--| (100)
|     |  |  |       |  |  |           +--WOLB.0323.00081
|     |  |  |       |  |  |        +--| (100)
|     |  |  |       |  |  |        |  +--WOLB.0323.00140
|     |  |  |       |  |  |    +---| (100)
|     |  |  |       |  |  |    |   +--WOLB.0323.00085
|     |  |  |       |  |  +----| (100)
|     |  |  |       |  |       +------WOLB.0323.00145
|     |  |  |       +--| (100)
|     |  |  |          |      +-------------------------------------WOLB.0323.00059
|     |  |  |          |   +--| (100)
|     |  |  |          |   |  +-------------WOLB.0323.00108
|     |  |  |          +---| (100)
|     |  |  |              +------------WOLB.0323.00071
|     |  +--| (100)
|     |     |        +**WOLB.0323.00041
|     |     |     +**| (79)
|     |     |     |  +**WOLB.0323.00096
|     |     |  +**| (71)
|     |     |  |  +--WOLB.0323.00074
|     |     +--| (100)
|     |        +--WOLB.0323.00120
|  +--| (97)
|  |  +--WOLB.0323.00107
+--| (100)
|  +--WOLB.0323.00103
|
+**WOLB.0323.00105

Tree in newick format:

(WOLB.0323.00001:0.0000004957,(((((((((((((WOLB.0323.00002:0.0001002278,(WOLB.0323.00014:0.0002225247,WOLB.0323.00128:0.0000949507)83:0.0000004957)90:0.0000004957,WOLB.0323.00070:0.0000632936)99:0.0000157506,WOLB.0323.00043:0.0000636891)100:0.0036772442,WOLB.0323.00010:0.0041806483)100:0.0037436788,WOLB.0323.00018:0.0052491032)100:0.0058322581,WOLB.0323.00042:0.0086691623)100:0.0027550934,(WOLB.0323.00023:0.0038922700,((WOLB.0323.00024:0.0044258541,WOLB.0323.00132:0.0048722830)96:0.0010888657,(WOLB.0323.00030:0.0003755595,WOLB.0323.00064:0.0001597779)100:0.0032636755)100:0.0027121042)100:0.0029273549)100:0.0065285681,(((WOLB.0323.00006:0.0004411468,(WOLB.0323.00031:0.0000004957,WOLB.0323.00106:0.0000004957)100:0.0002642480)100:0.0042103255,WOLB.0323.00025:0.0061992878)100:0.0179640004,(((WOLB.0323.00019:0.0000049572,WOLB.0323.00119:0.0000158286)100:0.0002369591,WOLB.0323.00039:0.0005601526)100:0.0067412370,WOLB.0323.00133:0.0109682338)100:0.0054029670)100:0.0036003522)100:0.0034719175,(WOLB.0323.00008:0.0088023655,WOLB.0323.00093:0.0059360810)100:0.0101609235)100:0.0026007851,(((((((WOLB.0323.00004:0.0000004957,WOLB.0323.00142:0.0000211173)92:0.0000004957,WOLB.0323.00158:0.0000369430)100:0.0000157123,WOLB.0323.00017:0.0000004957)98:0.0000055210,((WOLB.0323.00011:0.0000211097,WOLB.0323.00121:0.0000158373)100:0.0000049572,WOLB.0323.00149:0.0000004957)99:0.0000051528)100:0.0022831387,(((WOLB.0323.00007:0.0000636635,(WOLB.0323.00056:0.0000950396,WOLB.0323.00060:0.0000857985)99:0.0000048721)100:0.0028947131,(((((WOLB.0323.00012:0.0000211203,WOLB.0323.00088:0.0000105600)46:0.0000004957,(WOLB.0323.00035:0.0000105600,WOLB.0323.00104:0.0000105600)48:0.0000004957)51:0.0000004957,WOLB.0323.00020:0.0000049572)61:0.0000004957,WOLB.0323.00100:0.0000105588)100:0.0015611584,WOLB.0323.00135:0.0044523753)58:0.0008626469)63:0.0011023491,((WOLB.0323.00090:0.0000475991,WOLB.0323.00153:0.0000210515)100:0.0032010216,WOLB.0323.00122:0.0025318940)100:0.0016081142)63:0.0014900700)62:0.0014769665,((((WOLB.0323.00021:0.0000314739,WOLB.0323.00068:0.0002070057)99:0.0000211917,WOLB.0323.00138:0.0000581610)98:0.0000158425,WOLB.0323.00084:0.0000422184)50:0.0000004957,WOLB.0323.00032:0.0000791486)100:0.0025772806)100:0.0038573958,WOLB.0323.00118:0.0058569788)100:0.0066645940)100:0.0047924548,((((((((WOLB.0323.00003:0.0002909215,WOLB.0323.00048:0.0002753973)100:0.0056560477,WOLB.0323.00151:0.0085901031)100:0.0108283091,(((((((WOLB.0323.00013:0.0003714614,WOLB.0323.00077:0.0004132790)90:0.0000049572,WOLB.0323.00110:0.0007278087)91:0.0000004957,WOLB.0323.00136:0.0004446427)100:0.0027526771,WOLB.0323.00080:0.0043491016)100:0.0012180676,WOLB.0323.00147:0.0029840435)100:0.0052284954,WOLB.0323.00034:0.0081068098)100:0.0056677053,WOLB.0323.00159:0.0165902448)100:0.0078257442)100:0.0073821284,(((((((((((WOLB.0323.00005:0.0007821582,(WOLB.0323.00076:0.0000262688,WOLB.0323.00087:0.0000576403)100:0.0000740800)100:0.0025810034,((WOLB.0323.00055:0.0000833437,WOLB.0323.00082:0.0000209292)100:0.0000191268,(WOLB.0323.00097:0.0001165653,WOLB.0323.00127:0.0001892353)98:0.0000163237)100:0.0027984961)100:0.0011828104,((((((WOLB.0323.00009:0.0000004957,WOLB.0323.00036:0.0000004957)100:0.0000104564,WOLB.0323.00109:0.0000049572)100:0.0000209191,(WOLB.0323.00061:0.0000004957,WOLB.0323.00062:0.0000004957)100:0.0000729888)100:0.0005404744,((WOLB.0323.00046:0.0000156835,WOLB.0323.00102:0.0000049572)100:0.0000156856,WOLB.0323.00139:0.0000108426)100:0.0003146290)100:0.0001937890,((((WOLB.0323.00040:0.0000313823,WOLB.0323.00063:0.0000366076)100:0.0000262690,WOLB.0323.00098:0.0000631102)100:0.0000471515,(WOLB.0323.00052:0.0009765773,WOLB.0323.00099:0.0005826465)99:0.0000310429)56:0.0000004957,WOLB.0323.00066:0.0001359300)52:0.0000010378)100:0.0035198701,(WOLB.0323.00029:0.0004094255,WOLB.0323.00054:0.0007204010)100:0.0027398287)88:0.0015886133)100:0.0033770345,(((((WOLB.0323.00015:0.0001179992,(WOLB.0323.00112:0.0000157026,WOLB.0323.00125:0.0000680510)100:0.0000076129)100:0.0000599389,WOLB.0323.00092:0.0001894952)100:0.0040262446,WOLB.0323.00101:0.0064853706)82:0.0019718962,(WOLB.0323.00027:0.0000471528,WOLB.0323.00045:0.0001101162)100:0.0050063025)100:0.0017909888,WOLB.0323.00144:0.0080108566)94:0.0020270863)100:0.0017396371,((((WOLB.0323.00016:0.0000577592,WOLB.0323.00047:0.0000945585)99:0.0000157053,WOLB.0323.00075:0.0002204595)100:0.0000315683,(((WOLB.0323.00044:0.0003046531,WOLB.0323.00078:0.0003151458)97:0.0000050385,WOLB.0323.00049:0.0000889771)67:0.0000010534,WOLB.0323.00111:0.0003517263)83:0.0000047696)100:0.0077366119,((WOLB.0323.00026:0.0000104932,WOLB.0323.00028:0.0000049572)100:0.0075398728,WOLB.0323.00116:0.0064457336)100:0.0032068241)100:0.0021685868)98:0.0018447704,(WOLB.0323.00033:0.0004880986,WOLB.0323.00053:0.0005208587)100:0.0064777831)100:0.0023608542,(((WOLB.0323.00057:0.0059659319,WOLB.0323.00094:0.0059897789)100:0.0015130145,(WOLB.0323.00067:0.0080080816,(WOLB.0323.00079:0.0016779745,WOLB.0323.00095:0.0006056200)100:0.0027894704)100:0.0046388791)100:0.0021337628,(WOLB.0323.00117:0.0019206970,(WOLB.0323.00131:0.0001100196,WOLB.0323.00137:0.0002049458)100:0.0030147098)100:0.0047966258)91:0.0015127799)100:0.0052978853,WOLB.0323.00091:0.0142470886)100:0.0032428307,(WOLB.0323.00069:0.0134922515,WOLB.0323.00130:0.0091085444)100:0.0026921925)100:0.0022390613,WOLB.0323.00089:0.0112198330)100:0.0049524057,WOLB.0323.00148:0.0139585517)100:0.0087125297)90:0.0041680728,(WOLB.0323.00050:0.0058937823,WOLB.0323.00155:0.0070108318)100:0.0146651904)100:0.0102825378,WOLB.0323.00146:0.0246944984)100:0.0321403270,(((((WOLB.0323.00022:0.1020323074,WOLB.0323.00126:0.1011767171)100:0.0197360851,((WOLB.0323.00124:0.0016633319,WOLB.0323.00152:0.0015838498)100:0.0541173615,WOLB.0323.00156:0.0656911115)100:0.0167929036)100:0.0511868995,(WOLB.0323.00141:0.0676882316,WOLB.0323.00157:0.0595596900)100:0.0176765565)100:0.0146705295,(((WOLB.0323.00081:0.0000102105,WOLB.0323.00140:0.0000475078)100:0.0020895457,WOLB.0323.00085:0.0023566594)100:0.0345800938,WOLB.0323.00145:0.0577857111)100:0.0463767765)100:0.0231870085,((WOLB.0323.00059:0.2973111362,WOLB.0323.00108:0.1134199407)100:0.0265521972,WOLB.0323.00071:0.1081724540)100:0.0339546464)100:0.0178857935)100:0.0686467498,(((WOLB.0323.00041:0.0000004957,WOLB.0323.00096:0.0000004957)79:0.0000004957,WOLB.0323.00074:0.0000158450)71:0.0000004957,WOLB.0323.00120:0.0001752237)100:0.0141187637)100:0.0071491116)100:0.0160323374,WOLB.0323.00107:0.0017282377)97:0.0000374673,WOLB.0323.00103:0.0000253925)100:0.0000381461,WOLB.0323.00105:0.0000004957);

CONSENSUS TREE
--------------

Consensus tree is constructed from 1000 bootstrap trees
Log-likelihood of consensus tree: -2007125.36730222
Robinson-Foulds distance between ML tree and consensus tree: 0

Branches with support >0.00000000% are kept (extended consensus)
Branch lengths are optimized by maximum likelihood on original alignment
Numbers in parentheses are bootstrap supports (%)

+**WOLB.0323.00001
|
|                                      +--WOLB.0323.00002
|                                   +**| (90)
|                                   |  |  +--WOLB.0323.00014
|                                   |  +**| (83)
|                                   |     +--WOLB.0323.00128
|                                +--| (99)
|                                |  +--WOLB.0323.00070
|                             +--| (100)
|                             |  +--WOLB.0323.00043
|                          +--| (100)
|                          |  +--WOLB.0323.00010
|                       +--| (100)
|                       |  +--WOLB.0323.00018
|                    +--| (100)
|                    |  +--WOLB.0323.00042
|                 +--| (100)
|                 |  |  +--WOLB.0323.00023
|                 |  +--| (100)
|                 |     |     +--WOLB.0323.00024
|                 |     |  +--| (96)
|                 |     |  |  +--WOLB.0323.00132
|                 |     +--| (100)
|                 |        |  +--WOLB.0323.00030
|                 |        +--| (100)
|                 |           +--WOLB.0323.00064
|              +--| (100)
|              |  |        +--WOLB.0323.00006
|              |  |     +--| (100)
|              |  |     |  |     +**WOLB.0323.00031
|              |  |     |  |  +**|
|              |  |     |  |  |  +**WOLB.0323.00143
|              |  |     |  +--| (100)
|              |  |     |     +**WOLB.0323.00106
|              |  |  +--| (100)
|              |  |  |  +--WOLB.0323.00025
|              |  +--| (100)
|              |     |        +--WOLB.0323.00019
|              |     |     +--| (100)
|              |     |     |  +--WOLB.0323.00119
|              |     |  +--| (100)
|              |     |  |  +--WOLB.0323.00039
|              |     +--| (100)
|              |        +--WOLB.0323.00133
|           +--| (100)
|           |  |  +--WOLB.0323.00008
|           |  +--| (100)
|           |     +--WOLB.0323.00093
|        +--| (100)
|        |  |                    +**WOLB.0323.00004
|        |  |                 +**| (92)
|        |  |                 |  +--WOLB.0323.00142
|        |  |              +--| (100)
|        |  |              |  +--WOLB.0323.00158
|        |  |           +--| (98)
|        |  |           |  +**WOLB.0323.00017
|        |  |        +--| (100)
|        |  |        |  |     +--WOLB.0323.00011
|        |  |        |  |  +--| (100)
|        |  |        |  |  |  +--WOLB.0323.00121
|        |  |        |  +--| (99)
|        |  |        |     +**WOLB.0323.00149
|        |  |     +--| (62)
|        |  |     |  |        +--WOLB.0323.00007
|        |  |     |  |     +--| (100)
|        |  |     |  |     |  |  +--WOLB.0323.00056
|        |  |     |  |     |  +--| (99)
|        |  |     |  |     |     +--WOLB.0323.00060
|        |  |     |  |  +--| (63)
|        |  |     |  |  |  |              +--WOLB.0323.00012
|        |  |     |  |  |  |           +**| (46)
|        |  |     |  |  |  |           |  +--WOLB.0323.00088
|        |  |     |  |  |  |        +**| (51)
|        |  |     |  |  |  |        |  |  +--WOLB.0323.00035
|        |  |     |  |  |  |        |  +**| (48)
|        |  |     |  |  |  |        |     +--WOLB.0323.00104
|        |  |     |  |  |  |     +**| (61)
|        |  |     |  |  |  |     |  +--WOLB.0323.00020
|        |  |     |  |  |  |  +--| (100)
|        |  |     |  |  |  |  |  +--WOLB.0323.00100
|        |  |     |  |  |  +--| (58)
|        |  |     |  |  |     +--WOLB.0323.00135
|        |  |     |  +--| (63)
|        |  |     |     |     +--WOLB.0323.00090
|        |  |     |     |  +--| (100)
|        |  |     |     |  |  +--WOLB.0323.00153
|        |  |     |     +--| (100)
|        |  |     |        +--WOLB.0323.00122
|        |  |  +--| (100)
|        |  |  |  |           +--WOLB.0323.00021
|        |  |  |  |        +--| (99)
|        |  |  |  |        |  +--WOLB.0323.00068
|        |  |  |  |     +--| (98)
|        |  |  |  |     |  +--WOLB.0323.00138
|        |  |  |  |  +**| (50)
|        |  |  |  |  |  +--WOLB.0323.00084
|        |  |  |  +--| (100)
|        |  |  |     +--WOLB.0323.00032
|        |  +--| (100)
|        |     +--WOLB.0323.00118
|     +--| (100)
|     |  |                             +--WOLB.0323.00003
|     |  |                          +--| (100)
|     |  |                          |  +--WOLB.0323.00048
|     |  |                       +--| (100)
|     |  |                       |  +--WOLB.0323.00151
|     |  |                    +--| (100)
|     |  |                    |  |                    +--WOLB.0323.00013
|     |  |                    |  |                 +--| (90)
|     |  |                    |  |                 |  +--WOLB.0323.00077
|     |  |                    |  |              +**| (91)
|     |  |                    |  |              |  +--WOLB.0323.00110
|     |  |                    |  |           +--| (100)
|     |  |                    |  |           |  +--WOLB.0323.00136
|     |  |                    |  |        +--| (100)
|     |  |                    |  |        |  +--WOLB.0323.00080
|     |  |                    |  |     +--| (100)
|     |  |                    |  |     |  +--WOLB.0323.00147
|     |  |                    |  |  +--| (100)
|     |  |                    |  |  |  +--WOLB.0323.00034
|     |  |                    |  +--| (100)
|     |  |                    |     +--WOLB.0323.00159
|     |  |                 +--| (90)
|     |  |                 |  |                                +--WOLB.0323.00005
|     |  |                 |  |                             +--| (100)
|     |  |                 |  |                             |  |  +--WOLB.0323.00076
|     |  |                 |  |                             |  +--| (100)
|     |  |                 |  |                             |     +--WOLB.0323.00087
|     |  |                 |  |                          +--| (100)
|     |  |                 |  |                          |  |     +--WOLB.0323.00055
|     |  |                 |  |                          |  |  +--| (100)
|     |  |                 |  |                          |  |  |  +--WOLB.0323.00082
|     |  |                 |  |                          |  +--| (100)
|     |  |                 |  |                          |     |  +--WOLB.0323.00097
|     |  |                 |  |                          |     +--| (98)
|     |  |                 |  |                          |        +--WOLB.0323.00127
|     |  |                 |  |                       +--| (100)
|     |  |                 |  |                       |  |                                                              +**WOLB.0323.00009
|     |  |                 |  |                       |  |                                                           +**|
|     |  |                 |  |                       |  |                                                           |  +**WOLB.0323.00129
|     |  |                 |  |                       |  |                                                        +**|
|     |  |                 |  |                       |  |                                                        |  +**WOLB.0323.00154
|     |  |                 |  |                       |  |                                                     +**|
|     |  |                 |  |                       |  |                                                     |  +**WOLB.0323.00113
|     |  |                 |  |                       |  |                                                  +**|
|     |  |                 |  |                       |  |                                                  |  +**WOLB.0323.00065
|     |  |                 |  |                       |  |                                               +**|
|     |  |                 |  |                       |  |                                               |  +**WOLB.0323.00037
|     |  |                 |  |                       |  |                                            +**|
|     |  |                 |  |                       |  |                                            |  +**WOLB.0323.00073
|     |  |                 |  |                       |  |                                         +**|
|     |  |                 |  |                       |  |                                         |  +**WOLB.0323.00086
|     |  |                 |  |                       |  |                                      +**|
|     |  |                 |  |                       |  |                                      |  +**WOLB.0323.00083
|     |  |                 |  |                       |  |                                   +**|
|     |  |                 |  |                       |  |                                   |  +**WOLB.0323.00114
|     |  |                 |  |                       |  |                                +**|
|     |  |                 |  |                       |  |                                |  +**WOLB.0323.00038
|     |  |                 |  |                       |  |                             +**|
|     |  |                 |  |                       |  |                             |  +**WOLB.0323.00123
|     |  |                 |  |                       |  |                          +**|
|     |  |                 |  |                       |  |                          |  +**WOLB.0323.00058
|     |  |                 |  |                       |  |                       +**|
|     |  |                 |  |                       |  |                       |  +**WOLB.0323.00134
|     |  |                 |  |                       |  |                    +**|
|     |  |                 |  |                       |  |                    |  +**WOLB.0323.00051
|     |  |                 |  |                       |  |                 +**|
|     |  |                 |  |                       |  |                 |  +**WOLB.0323.00150
|     |  |                 |  |                       |  |              +--| (100)
|     |  |                 |  |                       |  |              |  +**WOLB.0323.00036
|     |  |                 |  |                       |  |           +--| (100)
|     |  |                 |  |                       |  |           |  +--WOLB.0323.00109
|     |  |                 |  |                       |  |        +--| (100)
|     |  |                 |  |                       |  |        |  |        +**WOLB.0323.00061
|     |  |                 |  |                       |  |        |  |     +**|
|     |  |                 |  |                       |  |        |  |     |  +**WOLB.0323.00115
|     |  |                 |  |                       |  |        |  |  +**|
|     |  |                 |  |                       |  |        |  |  |  +**WOLB.0323.00072
|     |  |                 |  |                       |  |        |  +--| (100)
|     |  |                 |  |                       |  |        |     +**WOLB.0323.00062
|     |  |                 |  |                       |  |     +--| (100)
|     |  |                 |  |                       |  |     |  |     +--WOLB.0323.00046
|     |  |                 |  |                       |  |     |  |  +--| (100)
|     |  |                 |  |                       |  |     |  |  |  +--WOLB.0323.00102
|     |  |                 |  |                       |  |     |  +--| (100)
|     |  |                 |  |                       |  |     |     +--WOLB.0323.00139
|     |  |                 |  |                       |  |  +--| (100)
|     |  |                 |  |                       |  |  |  |           +--WOLB.0323.00040
|     |  |                 |  |                       |  |  |  |        +--| (100)
|     |  |                 |  |                       |  |  |  |        |  +--WOLB.0323.00063
|     |  |                 |  |                       |  |  |  |     +--| (100)
|     |  |                 |  |                       |  |  |  |     |  +--WOLB.0323.00098
|     |  |                 |  |                       |  |  |  |  +**| (56)
|     |  |                 |  |                       |  |  |  |  |  |  +--WOLB.0323.00052
|     |  |                 |  |                       |  |  |  |  |  +--| (99)
|     |  |                 |  |                       |  |  |  |  |     +--WOLB.0323.00099
|     |  |                 |  |                       |  |  |  +**| (52)
|     |  |                 |  |                       |  |  |     +--WOLB.0323.00066
|     |  |                 |  |                       |  +--| (88)
|     |  |                 |  |                       |     |  +--WOLB.0323.00029
|     |  |                 |  |                       |     +--| (100)
|     |  |                 |  |                       |        +--WOLB.0323.00054
|     |  |                 |  |                    +--| (100)
|     |  |                 |  |                    |  |              +--WOLB.0323.00015
|     |  |                 |  |                    |  |           +--| (100)
|     |  |                 |  |                    |  |           |  |  +--WOLB.0323.00112
|     |  |                 |  |                    |  |           |  +--| (100)
|     |  |                 |  |                    |  |           |     +--WOLB.0323.00125
|     |  |                 |  |                    |  |        +--| (100)
|     |  |                 |  |                    |  |        |  +--WOLB.0323.00092
|     |  |                 |  |                    |  |     +--| (82)
|     |  |                 |  |                    |  |     |  +--WOLB.0323.00101
|     |  |                 |  |                    |  |  +--| (100)
|     |  |                 |  |                    |  |  |  |  +--WOLB.0323.00027
|     |  |                 |  |                    |  |  |  +--| (100)
|     |  |                 |  |                    |  |  |     +--WOLB.0323.00045
|     |  |                 |  |                    |  +--| (94)
|     |  |                 |  |                    |     +--WOLB.0323.00144
|     |  |                 |  |                 +--| (98)
|     |  |                 |  |                 |  |           +--WOLB.0323.00016
|     |  |                 |  |                 |  |        +--| (99)
|     |  |                 |  |                 |  |        |  +--WOLB.0323.00047
|     |  |                 |  |                 |  |     +--| (100)
|     |  |                 |  |                 |  |     |  +--WOLB.0323.00075
|     |  |                 |  |                 |  |  +--| (100)
|     |  |                 |  |                 |  |  |  |        +--WOLB.0323.00044
|     |  |                 |  |                 |  |  |  |     +--| (97)
|     |  |                 |  |                 |  |  |  |     |  +--WOLB.0323.00078
|     |  |                 |  |                 |  |  |  |  +**| (67)
|     |  |                 |  |                 |  |  |  |  |  +--WOLB.0323.00049
|     |  |                 |  |                 |  |  |  +--| (83)
|     |  |                 |  |                 |  |  |     +--WOLB.0323.00111
|     |  |                 |  |                 |  +--| (100)
|     |  |                 |  |                 |     |     +--WOLB.0323.00026
|     |  |                 |  |                 |     |  +--| (100)
|     |  |                 |  |                 |     |  |  +--WOLB.0323.00028
|     |  |                 |  |                 |     +--| (100)
|     |  |                 |  |                 |        +--WOLB.0323.00116
|     |  |                 |  |              +--| (100)
|     |  |                 |  |              |  |  +--WOLB.0323.00033
|     |  |                 |  |              |  +--| (100)
|     |  |                 |  |              |     +--WOLB.0323.00053
|     |  |                 |  |           +--| (100)
|     |  |                 |  |           |  |        +--WOLB.0323.00057
|     |  |                 |  |           |  |     +--| (100)
|     |  |                 |  |           |  |     |  +--WOLB.0323.00094
|     |  |                 |  |           |  |  +--| (100)
|     |  |                 |  |           |  |  |  |  +--WOLB.0323.00067
|     |  |                 |  |           |  |  |  +--| (100)
|     |  |                 |  |           |  |  |     |  +--WOLB.0323.00079
|     |  |                 |  |           |  |  |     +--| (100)
|     |  |                 |  |           |  |  |        +--WOLB.0323.00095
|     |  |                 |  |           |  +--| (91)
|     |  |                 |  |           |     |  +--WOLB.0323.00117
|     |  |                 |  |           |     +--| (100)
|     |  |                 |  |           |        |  +--WOLB.0323.00131
|     |  |                 |  |           |        +--| (100)
|     |  |                 |  |           |           +--WOLB.0323.00137
|     |  |                 |  |        +--| (100)
|     |  |                 |  |        |  +--WOLB.0323.00091
|     |  |                 |  |     +--| (100)
|     |  |                 |  |     |  |  +--WOLB.0323.00069
|     |  |                 |  |     |  +--| (100)
|     |  |                 |  |     |     +--WOLB.0323.00130
|     |  |                 |  |  +--| (100)
|     |  |                 |  |  |  +--WOLB.0323.00089
|     |  |                 |  +--| (100)
|     |  |                 |     +--WOLB.0323.00148
|     |  |              +--| (100)
|     |  |              |  |  +--WOLB.0323.00050
|     |  |              |  +--| (100)
|     |  |              |     +--WOLB.0323.00155
|     |  |          +---| (100)
|     |  |          |   +--WOLB.0323.00146
|     |  |  +-------| (100)
|     |  |  |       |                 +------------WOLB.0323.00022
|     |  |  |       |              +--| (100)
|     |  |  |       |              |  +-----------WOLB.0323.00126
|     |  |  |       |        +-----| (100)
|     |  |  |       |        |     |        +--WOLB.0323.00124
|     |  |  |       |        |     |  +-----| (100)
|     |  |  |       |        |     |  |     +--WOLB.0323.00152
|     |  |  |       |        |     +--| (100)
|     |  |  |       |        |        +-------WOLB.0323.00156
|     |  |  |       |     +--| (100)
|     |  |  |       |     |  |  +-------WOLB.0323.00141
|     |  |  |       |     |  +--| (100)
|     |  |  |       |     |     +------WOLB.0323.00157
|     |  |  |       |  +--| (100)
|     |  |  |       |  |  |           +--WOLB.0323.00081
|     |  |  |       |  |  |        +--| (100)
|     |  |  |       |  |  |        |  +--WOLB.0323.00140
|     |  |  |       |  |  |    +---| (100)
|     |  |  |       |  |  |    |   +--WOLB.0323.00085
|     |  |  |       |  |  +----| (100)
|     |  |  |       |  |       +------WOLB.0323.00145
|     |  |  |       +--| (100)
|     |  |  |          |      +-------------------------------------WOLB.0323.00059
|     |  |  |          |   +--| (100)
|     |  |  |          |   |  +-------------WOLB.0323.00108
|     |  |  |          +---| (100)
|     |  |  |              +------------WOLB.0323.00071
|     |  +--| (100)
|     |     |        +**WOLB.0323.00041
|     |     |     +**| (79)
|     |     |     |  +**WOLB.0323.00096
|     |     |  +**| (71)
|     |     |  |  +--WOLB.0323.00074
|     |     +--| (100)
|     |        +--WOLB.0323.00120
|  +--| (97)
|  |  +--WOLB.0323.00107
+--| (100)
|  +--WOLB.0323.00103
|
+**WOLB.0323.00105


Consensus tree in newick format: 

(WOLB.0323.00001:0.0000010534,(((((((((((((WOLB.0323.00002:0.0001002277,(WOLB.0323.00014:0.0002225246,WOLB.0323.00128:0.0000949506)83:0.0000010534)90:0.0000010534,WOLB.0323.00070:0.0000632937)99:0.0000157175,WOLB.0323.00043:0.0000634243)100:0.0036774197,WOLB.0323.00010:0.0041804716)100:0.0037440249,WOLB.0323.00018:0.0052493265)100:0.0058323866,WOLB.0323.00042:0.0086686616)100:0.0027549074,(WOLB.0323.00023:0.0038923006,((WOLB.0323.00024:0.0044253862,WOLB.0323.00132:0.0048724360)96:0.0010893365,(WOLB.0323.00030:0.0003754572,WOLB.0323.00064:0.0001596472)100:0.0032634037)100:0.0027120950)100:0.0029275421)100:0.0065286517,(((WOLB.0323.00006:0.0004411744,((WOLB.0323.00031:0.0000000000,WOLB.0323.00143:0.0000000000):0.0000010534,WOLB.0323.00106:0.0000010534)100:0.0002642770)100:0.0042097876,WOLB.0323.00025:0.0061992933)100:0.0179640651,(((WOLB.0323.00019:0.0000049572,WOLB.0323.00119:0.0000158286)100:0.0002367699,WOLB.0323.00039:0.0005601654)100:0.0067411666,WOLB.0323.00133:0.0109685170)100:0.0054031980)100:0.0036006391)100:0.0034719891,(WOLB.0323.00008:0.0088029818,WOLB.0323.00093:0.0059360984)100:0.0101608751)100:0.0026007192,(((((((WOLB.0323.00004:0.0000010534,WOLB.0323.00142:0.0000211173)92:0.0000010534,WOLB.0323.00158:0.0000369430)100:0.0000158323,WOLB.0323.00017:0.0000010534)98:0.0000049572,((WOLB.0323.00011:0.0000211097,WOLB.0323.00121:0.0000158373)100:0.0000049572,WOLB.0323.00149:0.0000010534)99:0.0000049572)100:0.0022832921,(((WOLB.0323.00007:0.0000632672,(WOLB.0323.00056:0.0000950439,WOLB.0323.00060:0.0000855584)99:0.0000051532)100:0.0028947223,(((((WOLB.0323.00012:0.0000211203,WOLB.0323.00088:0.0000105600)46:0.0000010534,(WOLB.0323.00035:0.0000105600,WOLB.0323.00104:0.0000105600)48:0.0000010534)51:0.0000010534,WOLB.0323.00020:0.0000049572)61:0.0000010534,WOLB.0323.00100:0.0000105544)100:0.0015612433,WOLB.0323.00135:0.0044523658)58:0.0008626687)63:0.0011016417,((WOLB.0323.00090:0.0000475902,WOLB.0323.00153:0.0000210612)100:0.0032007726,WOLB.0323.00122:0.0025322469)100:0.0016084664)63:0.0014903014)62:0.0014765625,((((WOLB.0323.00021:0.0000314939,WOLB.0323.00068:0.0002069273)99:0.0000209320,WOLB.0323.00138:0.0000580491)98:0.0000157559,WOLB.0323.00084:0.0000422182)50:0.0000012878,WOLB.0323.00032:0.0000794722)100:0.0025771046)100:0.0038576403,WOLB.0323.00118:0.0058569523)100:0.0066645959)100:0.0047927081,((((((((WOLB.0323.00003:0.0002911054,WOLB.0323.00048:0.0002752789)100:0.0056558570,WOLB.0323.00151:0.0085899980)100:0.0108284407,(((((((WOLB.0323.00013:0.0003714754,WOLB.0323.00077:0.0004132689)90:0.0000049572,WOLB.0323.00110:0.0007277001)91:0.0000010302,WOLB.0323.00136:0.0004445989)100:0.0027529854,WOLB.0323.00080:0.0043485360)100:0.0012178517,WOLB.0323.00147:0.0029839748)100:0.0052283073,WOLB.0323.00034:0.0081066270)100:0.0056673556,WOLB.0323.00159:0.0165902959)100:0.0078262044)100:0.0073819549,(((((((((((WOLB.0323.00005:0.0007816303,(WOLB.0323.00076:0.0000261518,WOLB.0323.00087:0.0000575769)100:0.0000744887)100:0.0025806957,((WOLB.0323.00055:0.0000837489,WOLB.0323.00082:0.0000209681)100:0.0000188024,(WOLB.0323.00097:0.0001165721,WOLB.0323.00127:0.0001892016)98:0.0000166351)100:0.0027984547)100:0.0011828570,(((((((((((((((((((((WOLB.0323.00009:0.0000000000,WOLB.0323.00129:0.0000000000):0.0000000000,WOLB.0323.00154:0.0000000000):0.0000000000,WOLB.0323.00113:0.0000000000):0.0000000000,WOLB.0323.00065:0.0000000000):0.0000000000,WOLB.0323.00037:0.0000000000):0.0000000000,WOLB.0323.00073:0.0000000000):0.0000000000,WOLB.0323.00086:0.0000000000):0.0000000000,WOLB.0323.00083:0.0000000000):0.0000000000,WOLB.0323.00114:0.0000000000):0.0000000000,WOLB.0323.00038:0.0000000000):0.0000000000,WOLB.0323.00123:0.0000000000):0.0000000000,WOLB.0323.00058:0.0000000000):0.0000000000,WOLB.0323.00134:0.0000000000):0.0000000000,WOLB.0323.00051:0.0000000000):0.0000000000,WOLB.0323.00150:0.0000000000):0.0000010534,WOLB.0323.00036:0.0000010534)100:0.0000104565,WOLB.0323.00109:0.0000049572)100:0.0000208967,(((WOLB.0323.00061:0.0000000000,WOLB.0323.00115:0.0000000000):0.0000000000,WOLB.0323.00072:0.0000000000):0.0000010534,WOLB.0323.00062:0.0000010534)100:0.0000732201)100:0.0005405291,((WOLB.0323.00046:0.0000156835,WOLB.0323.00102:0.0000049572)100:0.0000156857,WOLB.0323.00139:0.0000104542)100:0.0003148138)100:0.0001940586,((((WOLB.0323.00040:0.0000313823,WOLB.0323.00063:0.0000366076)100:0.0000261470,WOLB.0323.00098:0.0000627569)100:0.0000470658,(WOLB.0323.00052:0.0009765312,WOLB.0323.00099:0.0005826472)99:0.0000310444)56:0.0000014097,WOLB.0323.00066:0.0001359300)52:0.0000011851)100:0.0035199771,(WOLB.0323.00029:0.0004094529,WOLB.0323.00054:0.0007200426)100:0.0027396970)88:0.0015889278)100:0.0033775016,(((((WOLB.0323.00015:0.0001183519,(WOLB.0323.00112:0.0000157026,WOLB.0323.00125:0.0000680510)100:0.0000076387)100:0.0000598861,WOLB.0323.00092:0.0001896448)100:0.0040268146,WOLB.0323.00101:0.0064855208)82:0.0019718594,(WOLB.0323.00027:0.0000469540,WOLB.0323.00045:0.0001098128)100:0.0050064639)100:0.0017915301,WOLB.0323.00144:0.0080104695)94:0.0020269036)100:0.0017399366,((((WOLB.0323.00016:0.0000575553,WOLB.0323.00047:0.0000942057)99:0.0000156677,WOLB.0323.00075:0.0002206364)100:0.0000313059,(((WOLB.0323.00044:0.0003046482,WOLB.0323.00078:0.0003151462)97:0.0000049572,WOLB.0323.00049:0.0000889772)67:0.0000010844,WOLB.0323.00111:0.0003518576)83:0.0000048267)100:0.0077367566,((WOLB.0323.00026:0.0000104934,WOLB.0323.00028:0.0000049572)100:0.0075394940,WOLB.0323.00116:0.0064458519)100:0.0032067179)100:0.0021687852)98:0.0018446703,(WOLB.0323.00033:0.0004880389,WOLB.0323.00053:0.0005207143)100:0.0064780829)100:0.0023615874,(((WOLB.0323.00057:0.0059654929,WOLB.0323.00094:0.0059899566)100:0.0015129992,(WOLB.0323.00067:0.0080078031,(WOLB.0323.00079:0.0016778225,WOLB.0323.00095:0.0006056440)100:0.0027891833)100:0.0046391630)100:0.0021338803,(WOLB.0323.00117:0.0019206833,(WOLB.0323.00131:0.0001103693,WOLB.0323.00137:0.0002049429)100:0.0030151987)100:0.0047962325)91:0.0015127018)100:0.0052981842,WOLB.0323.00091:0.0142473379)100:0.0032430301,(WOLB.0323.00069:0.0134922464,WOLB.0323.00130:0.0091088349)100:0.0026924567)100:0.0022392573,WOLB.0323.00089:0.0112196500)100:0.0049526462,WOLB.0323.00148:0.0139581785)100:0.0087123455)90:0.0041678553,(WOLB.0323.00050:0.0058941134,WOLB.0323.00155:0.0070104970)100:0.0146650662)100:0.0102826076,WOLB.0323.00146:0.0246941762)100:0.0321409343,(((((WOLB.0323.00022:0.1020320463,WOLB.0323.00126:0.1011763316)100:0.0197370134,((WOLB.0323.00124:0.0016636930,WOLB.0323.00152:0.0015840430)100:0.0541171714,WOLB.0323.00156:0.0656911885)100:0.0167930055)100:0.0511866594,(WOLB.0323.00141:0.0676881064,WOLB.0323.00157:0.0595596861)100:0.0176773437)100:0.0146706351,(((WOLB.0323.00081:0.0000099145,WOLB.0323.00140:0.0000473464)100:0.0020899503,WOLB.0323.00085:0.0023564166)100:0.0345804887,WOLB.0323.00145:0.0577854894)100:0.0463771139)100:0.0231866936,((WOLB.0323.00059:0.2973107257,WOLB.0323.00108:0.1134185878)100:0.0265547933,WOLB.0323.00071:0.1081728607)100:0.0339566122)100:0.0178868253)100:0.0686467600,(((WOLB.0323.00041:0.0000010534,WOLB.0323.00096:0.0000010534)79:0.0000010534,WOLB.0323.00074:0.0000158450)71:0.0000010999,WOLB.0323.00120:0.0001748690)100:0.0141189240)100:0.0071494151)100:0.0160325693,WOLB.0323.00107:0.0017279606)97:0.0000371868,WOLB.0323.00103:0.0000247865)100:0.0000383953,WOLB.0323.00105:0.0000010534);

TIME STAMP
----------

Date and time: Fri Mar 24 16:02:59 2023
Total CPU time used: 8751.695986 seconds (2h:25m:51s)
Total wall-clock time used: 8784.816295 seconds (2h:26m:24s)
